2020-10-10 15:53:43.469  INFO 8568 --- [main] com.cos.blog.BlogApplicationTests        : Starting BlogApplicationTests on DESKTOP-ERPOSDR with PID 8568 (started by huimo in C:\workspace\stsworkspace\blog)
2020-10-10 15:53:43.472 DEBUG 8568 --- [main] com.cos.blog.BlogApplicationTests        : Running with Spring Boot v2.2.9.RELEASE, Spring v5.2.8.RELEASE
2020-10-10 15:53:43.475  INFO 8568 --- [main] com.cos.blog.BlogApplicationTests        : No active profile set, falling back to default profiles: default
2020-10-10 15:53:45.577  INFO 8568 --- [main] .s.d.r.c.RepositoryConfigurationDelegate : Bootstrapping Spring Data JPA repositories in DEFAULT mode.
2020-10-10 15:53:45.715  INFO 8568 --- [main] .s.d.r.c.RepositoryConfigurationDelegate : Finished Spring Data repository scanning in 117ms. Found 1 JPA repository interfaces.
2020-10-10 15:53:47.012  INFO 8568 --- [main] o.hibernate.jpa.internal.util.LogHelper  : HHH000204: Processing PersistenceUnitInfo [name: default]
2020-10-10 15:53:47.110  INFO 8568 --- [main] org.hibernate.Version                    : HHH000412: Hibernate ORM core version 5.4.18.Final
2020-10-10 15:53:47.396  INFO 8568 --- [main] o.hibernate.annotations.common.Version   : HCANN000001: Hibernate Commons Annotations {5.1.0.Final}
2020-10-10 15:53:49.393  INFO 8568 --- [main] com.zaxxer.hikari.HikariDataSource       : HikariPool-1 - Starting...
2020-10-10 15:53:50.317  INFO 8568 --- [main] com.zaxxer.hikari.HikariDataSource       : HikariPool-1 - Start completed.
2020-10-10 15:53:50.394  INFO 8568 --- [main] org.hibernate.dialect.Dialect            : HHH000400: Using dialect: org.hibernate.dialect.MySQL8Dialect
2020-10-10 15:53:51.481  INFO 8568 --- [main] o.h.e.t.j.p.i.JtaPlatformInitiator       : HHH000490: Using JtaPlatform implementation: [org.hibernate.engine.transaction.jta.platform.internal.NoJtaPlatform]
2020-10-10 15:53:51.490  INFO 8568 --- [main] j.LocalContainerEntityManagerFactoryBean : Initialized JPA EntityManagerFactory for persistence unit 'default'
2020-10-10 15:53:52.571  INFO 8568 --- [main] o.s.s.concurrent.ThreadPoolTaskExecutor  : Initializing ExecutorService 'applicationTaskExecutor'
2020-10-10 15:53:52.755  INFO 8568 --- [main] o.s.b.a.w.s.WelcomePageHandlerMapping    : Adding welcome page template: index
2020-10-10 15:53:53.095  INFO 8568 --- [main] com.cos.blog.BlogApplicationTests        : Started BlogApplicationTests in 10.481 seconds (JVM running for 12.858)
2020-10-10 15:53:53.298  INFO 8568 --- [SpringContextShutdownHook] o.s.s.concurrent.ThreadPoolTaskExecutor  : Shutting down ExecutorService 'applicationTaskExecutor'
2020-10-10 15:53:53.300  INFO 8568 --- [SpringContextShutdownHook] j.LocalContainerEntityManagerFactoryBean : Closing JPA EntityManagerFactory for persistence unit 'default'
2020-10-10 15:53:53.304  INFO 8568 --- [SpringContextShutdownHook] com.zaxxer.hikari.HikariDataSource       : HikariPool-1 - Shutdown initiated...
2020-10-10 15:53:53.323  INFO 8568 --- [SpringContextShutdownHook] com.zaxxer.hikari.HikariDataSource       : HikariPool-1 - Shutdown completed.
